<?xml version="1.0" encoding="UTF-8" ?>
<testsuite tests="25" failures="0" name="edu.uw.jtc.TestSuite" time="26.96" errors="0" skipped="0">
  <properties>
    <property name="java.runtime.name" value="Java(TM) SE Runtime Environment"/>
    <property name="sun.boot.library.path" value="/Library/Java/JavaVirtualMachines/jdk1.8.0_102.jdk/Contents/Home/jre/lib"/>
    <property name="java.vm.version" value="25.102-b14"/>
    <property name="gopherProxySet" value="false"/>
    <property name="java.vm.vendor" value="Oracle Corporation"/>
    <property name="maven.multiModuleProjectDirectory" value="/Users/jcrowley/University_of_Washington/Advanced_Features_Of_Java/Homeworks/cp130_7"/>
    <property name="java.vendor.url" value="http://java.oracle.com/"/>
    <property name="path.separator" value=":"/>
    <property name="guice.disable.misplaced.annotation.check" value="true"/>
    <property name="java.vm.name" value="Java HotSpot(TM) 64-Bit Server VM"/>
    <property name="file.encoding.pkg" value="sun.io"/>
    <property name="user.country" value="US"/>
    <property name="sun.java.launcher" value="SUN_STANDARD"/>
    <property name="sun.os.patch.level" value="unknown"/>
    <property name="java.vm.specification.name" value="Java Virtual Machine Specification"/>
    <property name="user.dir" value="/Users/jcrowley/University_of_Washington/Advanced_Features_Of_Java/Homeworks/cp130_7"/>
    <property name="java.runtime.version" value="1.8.0_102-b14"/>
    <property name="java.awt.graphicsenv" value="sun.awt.CGraphicsEnvironment"/>
    <property name="java.endorsed.dirs" value="/Library/Java/JavaVirtualMachines/jdk1.8.0_102.jdk/Contents/Home/jre/lib/endorsed"/>
    <property name="os.arch" value="x86_64"/>
    <property name="java.io.tmpdir" value="/var/folders/h5/jnmwzm812j7c_39mnv167x3m0000gq/T/"/>
    <property name="line.separator" value="
"/>
    <property name="java.vm.specification.vendor" value="Oracle Corporation"/>
    <property name="os.name" value="Mac OS X"/>
    <property name="classworlds.conf" value="/usr/local/Cellar/maven/3.5.2/libexec/bin/m2.conf"/>
    <property name="sun.jnu.encoding" value="UTF-8"/>
    <property name="java.library.path" value="/Users/jcrowley/Library/Java/Extensions:/Library/Java/Extensions:/Network/Library/Java/Extensions:/System/Library/Java/Extensions:/usr/lib/java:."/>
    <property name="maven.conf" value="/usr/local/Cellar/maven/3.5.2/libexec/conf"/>
    <property name="java.specification.name" value="Java Platform API Specification"/>
    <property name="java.class.version" value="52.0"/>
    <property name="sun.management.compiler" value="HotSpot 64-Bit Tiered Compilers"/>
    <property name="os.version" value="10.13.3"/>
    <property name="library.jansi.path" value="/usr/local/Cellar/maven/3.5.2/libexec/lib/jansi-native"/>
    <property name="user.home" value="/Users/jcrowley"/>
    <property name="user.timezone" value="America/Los_Angeles"/>
    <property name="java.awt.printerjob" value="sun.lwawt.macosx.CPrinterJob"/>
    <property name="java.specification.version" value="1.8"/>
    <property name="file.encoding" value="UTF-8"/>
    <property name="user.name" value="jcrowley"/>
    <property name="java.class.path" value="/usr/local/Cellar/maven/3.5.2/libexec/boot/plexus-classworlds-2.5.2.jar"/>
    <property name="java.vm.specification.version" value="1.8"/>
    <property name="sun.arch.data.model" value="64"/>
    <property name="java.home" value="/Library/Java/JavaVirtualMachines/jdk1.8.0_102.jdk/Contents/Home/jre"/>
    <property name="sun.java.command" value="org.codehaus.plexus.classworlds.launcher.Launcher clean test"/>
    <property name="java.specification.vendor" value="Oracle Corporation"/>
    <property name="user.language" value="en"/>
    <property name="awt.toolkit" value="sun.lwawt.macosx.LWCToolkit"/>
    <property name="java.vm.info" value="mixed mode"/>
    <property name="java.version" value="1.8.0_102"/>
    <property name="java.ext.dirs" value="/Users/jcrowley/Library/Java/Extensions:/Library/Java/JavaVirtualMachines/jdk1.8.0_102.jdk/Contents/Home/jre/lib/ext:/Library/Java/Extensions:/Network/Library/Java/Extensions:/System/Library/Java/Extensions:/usr/lib/java"/>
    <property name="sun.boot.class.path" value="/Library/Java/JavaVirtualMachines/jdk1.8.0_102.jdk/Contents/Home/jre/lib/resources.jar:/Library/Java/JavaVirtualMachines/jdk1.8.0_102.jdk/Contents/Home/jre/lib/rt.jar:/Library/Java/JavaVirtualMachines/jdk1.8.0_102.jdk/Contents/Home/jre/lib/sunrsasign.jar:/Library/Java/JavaVirtualMachines/jdk1.8.0_102.jdk/Contents/Home/jre/lib/jsse.jar:/Library/Java/JavaVirtualMachines/jdk1.8.0_102.jdk/Contents/Home/jre/lib/jce.jar:/Library/Java/JavaVirtualMachines/jdk1.8.0_102.jdk/Contents/Home/jre/lib/charsets.jar:/Library/Java/JavaVirtualMachines/jdk1.8.0_102.jdk/Contents/Home/jre/lib/jfr.jar:/Library/Java/JavaVirtualMachines/jdk1.8.0_102.jdk/Contents/Home/jre/classes"/>
    <property name="java.vendor" value="Oracle Corporation"/>
    <property name="maven.home" value="/usr/local/Cellar/maven/3.5.2/libexec"/>
    <property name="file.separator" value="/"/>
    <property name="java.vendor.url.bug" value="http://bugreport.sun.com/bugreport/"/>
    <property name="sun.cpu.endian" value="little"/>
    <property name="sun.io.unicode.encoding" value="UnicodeBig"/>
    <property name="sun.cpu.isalist" value=""/>
  </properties>
  <testcase classname="test.AccountTest" name="testBadNameAccountCreation" time="0.538"/>
  <testcase classname="test.AccountTest" name="testBadBalanceAccountCreation" time="0.142"/>
  <testcase classname="test.AccountTest" name="testGoodAccountCreation" time="0.08"/>
  <testcase classname="test.AccountTest" name="testSetAccountName" time="0.122"/>
  <testcase classname="test.AccountManagerTest" name="testReloadFile" time="0.492"/>
  <testcase classname="test.AccountManagerTest" name="testCreateDuplicateUsername" time="0.177"/>
  <testcase classname="test.AccountManagerTest" name="testClose" time="0.079"/>
  <testcase classname="test.AccountManagerTest" name="testPersist" time="0.124"/>
  <testcase classname="test.AccountManagerTest" name="testGetAccount" time="0.12"/>
  <testcase classname="test.AccountManagerTest" name="testValidate" time="0.099"/>
  <testcase classname="test.AccountManagerTest" name="testRegistration" time="0.087"/>
  <testcase classname="test.AccountManagerTest" name="testDeleteAccount" time="0.083"/>
  <testcase classname="test.AccountManagerTest" name="testMultipleGetAccount" time="0.082"/>
  <testcase classname="test.DaoTest" name="testClose" time="0.13"/>
  <testcase classname="test.DaoTest" name="testReset" time="0.123"/>
  <testcase classname="test.DaoTest" name="testDelete" time="0.098"/>
  <testcase classname="test.DaoTest" name="testReload" time="0.093"/>
  <testcase classname="test.DaoTest" name="testSetGet" time="0.147"/>
  <testcase classname="test.BrokerTest" name="testRequestQuote" time="0.218"/>
  <testcase classname="test.BrokerTest" name="testClose" time="0.027"/>
  <testcase classname="test.BrokerTest" name="testGetAccount" time="0.18"/>
  <testcase classname="test.BrokerTest" name="testBrokerExchangeOpen" time="10.118"/>
  <testcase classname="test.BrokerTest" name="testDeleteAccount" time="0.058"/>
  <testcase classname="test.BrokerTest" name="testBrokerExchangeClosed" time="12.133"/>
  <testcase classname="test.PrivateMessageCodecTest" name="codecTest" time="1.41"/>
</testsuite>