<?xml version="1.0" encoding="UTF-8"?>
<testsuite xmlns:xsi="http://www.w3.org/2001/XMLSchema-instance" xsi:noNamespaceSchemaLocation="https://maven.apache.org/surefire/maven-surefire-plugin/xsd/surefire-test-report.xsd" name="com.scg.util.PersonalNameTest" time="0.003" tests="17" errors="0" skipped="0" failures="0">
  <properties>
    <property name="gopherProxySet" value="false"/>
    <property name="awt.toolkit" value="sun.lwawt.macosx.LWCToolkit"/>
    <property name="file.encoding.pkg" value="sun.io"/>
    <property name="java.specification.version" value="1.8"/>
    <property name="sun.cpu.isalist" value=""/>
    <property name="sun.jnu.encoding" value="UTF-8"/>
    <property name="java.class.path" value="/Users/jcrowley/University_of_Washington/Application_programming_in_java/Homeworks/CP125Assignment6/target/test-classes:/Users/jcrowley/University_of_Washington/Application_programming_in_java/Homeworks/CP125Assignment6/target/classes:/Users/jcrowley/.m2/repository/junit/junit/4.12/junit-4.12.jar:/Users/jcrowley/.m2/repository/org/hamcrest/hamcrest-core/1.3/hamcrest-core-1.3.jar:/Users/jcrowley/.m2/repository/org/slf4j/slf4j-api/1.7.22/slf4j-api-1.7.22.jar:/Users/jcrowley/.m2/repository/org/slf4j/slf4j-jdk14/1.7.22/slf4j-jdk14-1.7.22.jar:"/>
    <property name="java.vm.vendor" value="Oracle Corporation"/>
    <property name="sun.arch.data.model" value="64"/>
    <property name="java.vendor.url" value="http://java.oracle.com/"/>
    <property name="user.timezone" value=""/>
    <property name="java.vm.specification.version" value="1.8"/>
    <property name="os.name" value="Mac OS X"/>
    <property name="user.country" value="US"/>
    <property name="sun.java.launcher" value="SUN_STANDARD"/>
    <property name="sun.boot.library.path" value="/Library/Java/JavaVirtualMachines/jdk1.8.0_102.jdk/Contents/Home/jre/lib"/>
    <property name="sun.java.command" value="/Users/jcrowley/University_of_Washington/Application_programming_in_java/Homeworks/CP125Assignment6/target/surefire/surefirebooter5587634174500654202.jar /Users/jcrowley/University_of_Washington/Application_programming_in_java/Homeworks/CP125Assignment6/target/surefire 2018-05-17T22-03-32_066-jvmRun1 surefire5519803326766684359tmp surefire_05220188413722766954tmp"/>
    <property name="surefire.test.class.path" value="/Users/jcrowley/University_of_Washington/Application_programming_in_java/Homeworks/CP125Assignment6/target/test-classes:/Users/jcrowley/University_of_Washington/Application_programming_in_java/Homeworks/CP125Assignment6/target/classes:/Users/jcrowley/.m2/repository/junit/junit/4.12/junit-4.12.jar:/Users/jcrowley/.m2/repository/org/hamcrest/hamcrest-core/1.3/hamcrest-core-1.3.jar:/Users/jcrowley/.m2/repository/org/slf4j/slf4j-api/1.7.22/slf4j-api-1.7.22.jar:/Users/jcrowley/.m2/repository/org/slf4j/slf4j-jdk14/1.7.22/slf4j-jdk14-1.7.22.jar:"/>
    <property name="sun.cpu.endian" value="little"/>
    <property name="user.home" value="/Users/jcrowley"/>
    <property name="user.language" value="en"/>
    <property name="java.specification.vendor" value="Oracle Corporation"/>
    <property name="java.home" value="/Library/Java/JavaVirtualMachines/jdk1.8.0_102.jdk/Contents/Home/jre"/>
    <property name="basedir" value="/Users/jcrowley/University_of_Washington/Application_programming_in_java/Homeworks/CP125Assignment6"/>
    <property name="file.separator" value="/"/>
    <property name="line.separator" value="&#10;"/>
    <property name="java.vm.specification.vendor" value="Oracle Corporation"/>
    <property name="java.specification.name" value="Java Platform API Specification"/>
    <property name="java.awt.graphicsenv" value="sun.awt.CGraphicsEnvironment"/>
    <property name="surefire.real.class.path" value="/Users/jcrowley/University_of_Washington/Application_programming_in_java/Homeworks/CP125Assignment6/target/surefire/surefirebooter5587634174500654202.jar"/>
    <property name="sun.boot.class.path" value="/Library/Java/JavaVirtualMachines/jdk1.8.0_102.jdk/Contents/Home/jre/lib/resources.jar:/Library/Java/JavaVirtualMachines/jdk1.8.0_102.jdk/Contents/Home/jre/lib/rt.jar:/Library/Java/JavaVirtualMachines/jdk1.8.0_102.jdk/Contents/Home/jre/lib/sunrsasign.jar:/Library/Java/JavaVirtualMachines/jdk1.8.0_102.jdk/Contents/Home/jre/lib/jsse.jar:/Library/Java/JavaVirtualMachines/jdk1.8.0_102.jdk/Contents/Home/jre/lib/jce.jar:/Library/Java/JavaVirtualMachines/jdk1.8.0_102.jdk/Contents/Home/jre/lib/charsets.jar:/Library/Java/JavaVirtualMachines/jdk1.8.0_102.jdk/Contents/Home/jre/lib/jfr.jar:/Library/Java/JavaVirtualMachines/jdk1.8.0_102.jdk/Contents/Home/jre/classes"/>
    <property name="sun.management.compiler" value="HotSpot 64-Bit Tiered Compilers"/>
    <property name="java.runtime.version" value="1.8.0_102-b14"/>
    <property name="user.name" value="jcrowley"/>
    <property name="path.separator" value=":"/>
    <property name="os.version" value="10.13.3"/>
    <property name="java.endorsed.dirs" value="/Library/Java/JavaVirtualMachines/jdk1.8.0_102.jdk/Contents/Home/jre/lib/endorsed"/>
    <property name="java.runtime.name" value="Java(TM) SE Runtime Environment"/>
    <property name="file.encoding" value="UTF-8"/>
    <property name="java.vm.name" value="Java HotSpot(TM) 64-Bit Server VM"/>
    <property name="localRepository" value="/Users/jcrowley/.m2/repository"/>
    <property name="java.vendor.url.bug" value="http://bugreport.sun.com/bugreport/"/>
    <property name="java.io.tmpdir" value="/var/folders/h5/jnmwzm812j7c_39mnv167x3m0000gq/T/"/>
    <property name="java.version" value="1.8.0_102"/>
    <property name="user.dir" value="/Users/jcrowley/University_of_Washington/Application_programming_in_java/Homeworks/CP125Assignment6"/>
    <property name="os.arch" value="x86_64"/>
    <property name="java.vm.specification.name" value="Java Virtual Machine Specification"/>
    <property name="java.awt.printerjob" value="sun.lwawt.macosx.CPrinterJob"/>
    <property name="sun.os.patch.level" value="unknown"/>
    <property name="java.library.path" value="/Users/jcrowley/Library/Java/Extensions:/Library/Java/Extensions:/Network/Library/Java/Extensions:/System/Library/Java/Extensions:/usr/lib/java:."/>
    <property name="java.vm.info" value="mixed mode"/>
    <property name="java.vendor" value="Oracle Corporation"/>
    <property name="java.vm.version" value="25.102-b14"/>
    <property name="java.ext.dirs" value="/Users/jcrowley/Library/Java/Extensions:/Library/Java/JavaVirtualMachines/jdk1.8.0_102.jdk/Contents/Home/jre/lib/ext:/Library/Java/Extensions:/Network/Library/Java/Extensions:/System/Library/Java/Extensions:/usr/lib/java"/>
    <property name="sun.io.unicode.encoding" value="UnicodeBig"/>
    <property name="java.class.version" value="52.0"/>
  </properties>
  <testcase name="middletoStringTest" classname="com.scg.util.PersonalNameTest" time="0"/>
  <testcase name="nameNotEqualsTest" classname="com.scg.util.PersonalNameTest" time="0"/>
  <testcase name="nameHashNotEqualsTest" classname="com.scg.util.PersonalNameTest" time="0"/>
  <testcase name="setLastNameTest" classname="com.scg.util.PersonalNameTest" time="0"/>
  <testcase name="noMiddletoStringTest" classname="com.scg.util.PersonalNameTest" time="0"/>
  <testcase name="nameSameEqualsTest" classname="com.scg.util.PersonalNameTest" time="0"/>
  <testcase name="createPersonEmptyTest" classname="com.scg.util.PersonalNameTest" time="0"/>
  <testcase name="setMiddleNameTest" classname="com.scg.util.PersonalNameTest" time="0"/>
  <testcase name="nameHashEqualsTest" classname="com.scg.util.PersonalNameTest" time="0"/>
  <testcase name="setNullMiddleNameTest" classname="com.scg.util.PersonalNameTest" time="0"/>
  <testcase name="nameEqualsTest" classname="com.scg.util.PersonalNameTest" time="0"/>
  <testcase name="createPersonFirstLastTest" classname="com.scg.util.PersonalNameTest" time="0.001"/>
  <testcase name="createPersonNulNames" classname="com.scg.util.PersonalNameTest" time="0"/>
  <testcase name="setFirstNameTest" classname="com.scg.util.PersonalNameTest" time="0"/>
  <testcase name="setNullFirstNameTest" classname="com.scg.util.PersonalNameTest" time="0"/>
  <testcase name="setNullLastNameTest" classname="com.scg.util.PersonalNameTest" time="0"/>
  <testcase name="createPersonFirstLastMiddleTest" classname="com.scg.util.PersonalNameTest" time="0"/>
</testsuite>